Flow report for FSM_demo1
Mon Jun 07 14:05:05 2021
Quartus Prime Version 19.1.0 Build 670 09/22/2019 SJ Lite Edition


---------------------
; Table of Contents ;
---------------------
  1. Legal Notice
  2. Flow Summary
  3. Flow Settings
  4. Flow Non-Default Global Settings
  5. Flow Elapsed Time
  6. Flow OS Summary
  7. Flow Log
  8. Flow Messages
  9. Flow Suppressed Messages



----------------
; Legal Notice ;
----------------
Copyright (C) 2019  Intel Corporation. All rights reserved.
Your use of Intel Corporation's design tools, logic functions 
and other software and tools, and any partner logic 
functions, and any output files from any of the foregoing 
(including device programming or simulation files), and any 
associated documentation or information are expressly subject 
to the terms and conditions of the Intel Program License 
Subscription Agreement, the Intel Quartus Prime License Agreement,
the Intel FPGA IP License Agreement, or other applicable license
agreement, including, without limitation, that your use is for
the sole purpose of programming logic devices manufactured by
Intel and sold by Intel or its authorized distributors.  Please
refer to the applicable agreement for further details, at
https://fpgasoftware.intel.com/eula.



+----------------------------------------------------------------------------------+
; Flow Summary                                                                     ;
+------------------------------------+---------------------------------------------+
; Flow Status                        ; Successful - Mon Jun 07 14:05:05 2021       ;
; Quartus Prime Version              ; 19.1.0 Build 670 09/22/2019 SJ Lite Edition ;
; Revision Name                      ; FSM_demo1                                   ;
; Top-level Entity Name              ; FSM_demo1                                   ;
; Family                             ; Cyclone IV E                                ;
; Device                             ; EP4CE6E22C8                                 ;
; Timing Models                      ; Final                                       ;
; Total logic elements               ; 3 / 6,272 ( < 1 % )                         ;
;     Total combinational functions  ; 2 / 6,272 ( < 1 % )                         ;
;     Dedicated logic registers      ; 2 / 6,272 ( < 1 % )                         ;
; Total registers                    ; 2                                           ;
; Total pins                         ; 4 / 92 ( 4 % )                              ;
; Total virtual pins                 ; 0                                           ;
; Total memory bits                  ; 0 / 276,480 ( 0 % )                         ;
; Embedded Multiplier 9-bit elements ; 0 / 30 ( 0 % )                              ;
; Total PLLs                         ; 0 / 2 ( 0 % )                               ;
+------------------------------------+---------------------------------------------+


+-----------------------------------------+
; Flow Settings                           ;
+-------------------+---------------------+
; Option            ; Setting             ;
+-------------------+---------------------+
; Start date & time ; 06/07/2021 14:04:34 ;
; Main task         ; Compilation         ;
; Revision Name     ; FSM_demo1           ;
+-------------------+---------------------+


+------------------------------------------------------------------------------------------------------------------------------------------------+
; Flow Non-Default Global Settings                                                                                                               ;
+-------------------------------------+----------------------------------------+---------------+-------------+-----------------------------------+
; Assignment Name                     ; Value                                  ; Default Value ; Entity Name ; Section Id                        ;
+-------------------------------------+----------------------------------------+---------------+-------------+-----------------------------------+
; COMPILER_SIGNATURE_ID               ; 103985299806448.162304587402636        ; --            ; --          ; --                                ;
; EDA_GENERATE_FUNCTIONAL_NETLIST     ; Off                                    ; --            ; --          ; eda_board_design_timing           ;
; EDA_GENERATE_FUNCTIONAL_NETLIST     ; Off                                    ; --            ; --          ; eda_board_design_boundary_scan    ;
; EDA_GENERATE_FUNCTIONAL_NETLIST     ; Off                                    ; --            ; --          ; eda_board_design_signal_integrity ;
; EDA_GENERATE_FUNCTIONAL_NETLIST     ; Off                                    ; --            ; --          ; eda_board_design_symbol           ;
; EDA_OUTPUT_DATA_FORMAT              ; Verilog Hdl                            ; --            ; --          ; eda_simulation                    ;
; EDA_SIMULATION_TOOL                 ; ModelSim-Altera (Verilog)              ; <None>        ; --          ; --                                ;
; EDA_TIME_SCALE                      ; 1 ps                                   ; --            ; --          ; eda_simulation                    ;
; MAX_CORE_JUNCTION_TEMP              ; 85                                     ; --            ; --          ; --                                ;
; MIN_CORE_JUNCTION_TEMP              ; 0                                      ; --            ; --          ; --                                ;
; NOMINAL_CORE_SUPPLY_VOLTAGE         ; 1.2V                                   ; --            ; --          ; --                                ;
; PARTITION_COLOR                     ; -- (Not supported for targeted family) ; --            ; --          ; Top                               ;
; PARTITION_FITTER_PRESERVATION_LEVEL ; -- (Not supported for targeted family) ; --            ; --          ; Top                               ;
; PARTITION_NETLIST_TYPE              ; -- (Not supported for targeted family) ; --            ; --          ; Top                               ;
; PROJECT_OUTPUT_DIRECTORY            ; output_files                           ; --            ; --          ; --                                ;
+-------------------------------------+----------------------------------------+---------------+-------------+-----------------------------------+


+--------------------------------------------------------------------------------------------------------------------------+
; Flow Elapsed Time                                                                                                        ;
+----------------------+--------------+-------------------------+---------------------+------------------------------------+
; Module Name          ; Elapsed Time ; Average Processors Used ; Peak Virtual Memory ; Total CPU Time (on all processors) ;
+----------------------+--------------+-------------------------+---------------------+------------------------------------+
; Analysis & Synthesis ; 00:00:11     ; 1.0                     ; 4796 MB             ; 00:00:27                           ;
; Fitter               ; 00:00:04     ; 1.0                     ; 5782 MB             ; 00:00:05                           ;
; Assembler            ; 00:00:01     ; 1.0                     ; 4675 MB             ; 00:00:01                           ;
; Timing Analyzer      ; 00:00:02     ; 1.0                     ; 4794 MB             ; 00:00:02                           ;
; EDA Netlist Writer   ; 00:00:00     ; 1.0                     ; 4632 MB             ; 00:00:01                           ;
; EDA Netlist Writer   ; 00:00:01     ; 1.0                     ; 4626 MB             ; 00:00:00                           ;
; EDA Netlist Writer   ; 00:00:00     ; 1.0                     ; 4635 MB             ; 00:00:01                           ;
; Total                ; 00:00:19     ; --                      ; --                  ; 00:00:37                           ;
+----------------------+--------------+-------------------------+---------------------+------------------------------------+


+------------------------------------------------------------------------------------+
; Flow OS Summary                                                                    ;
+----------------------+------------------+------------+------------+----------------+
; Module Name          ; Machine Hostname ; OS Name    ; OS Version ; Processor type ;
+----------------------+------------------+------------+------------+----------------+
; Analysis & Synthesis ; LAPTOP-RONCHY    ; Windows 10 ; 10.0       ; x86_64         ;
; Fitter               ; LAPTOP-RONCHY    ; Windows 10 ; 10.0       ; x86_64         ;
; Assembler            ; LAPTOP-RONCHY    ; Windows 10 ; 10.0       ; x86_64         ;
; Timing Analyzer      ; LAPTOP-RONCHY    ; Windows 10 ; 10.0       ; x86_64         ;
; EDA Netlist Writer   ; LAPTOP-RONCHY    ; Windows 10 ; 10.0       ; x86_64         ;
; EDA Netlist Writer   ; LAPTOP-RONCHY    ; Windows 10 ; 10.0       ; x86_64         ;
; EDA Netlist Writer   ; LAPTOP-RONCHY    ; Windows 10 ; 10.0       ; x86_64         ;
+----------------------+------------------+------------+------------+----------------+


------------
; Flow Log ;
------------
quartus_map --read_settings_files=on --write_settings_files=off FSM_demo1 -c FSM_demo1
quartus_fit --read_settings_files=off --write_settings_files=off FSM_demo1 -c FSM_demo1
quartus_asm --read_settings_files=off --write_settings_files=off FSM_demo1 -c FSM_demo1
quartus_sta FSM_demo1 -c FSM_demo1
quartus_eda --read_settings_files=off --write_settings_files=off FSM_demo1 -c FSM_demo1
quartus_eda --gen_testbench --tool=modelsim_oem --format=verilog --write_settings_files=off FSM_demo1 -c FSM_demo1 --vector_source=H:/EDATools/MyWorkShop/LabSimulation/FSM/FSM_demo1/Waveform.vwf --testbench_file=H:/EDATools/MyWorkShop/LabSimulation/FSM/FSM_demo1/simulation/qsim/Waveform.vwf.vt
quartus_eda --write_settings_files=off --simulation=on --functional=on --flatten_buses=off --tool=modelsim_oem --format=verilog --output_directory=H:/EDATools/MyWorkShop/LabSimulation/FSM/FSM_demo1/simulation/qsim/ FSM_demo1 -c FSM_demo1



