Analysis & Synthesis report for DAC
Mon Jun 07 17:38:24 2021
Quartus Prime Version 19.1.0 Build 670 09/22/2019 SJ Lite Edition


---------------------
; Table of Contents ;
---------------------
  1. Legal Notice
  2. Analysis & Synthesis Summary
  3. Analysis & Synthesis Settings
  4. Parallel Compilation
  5. Analysis & Synthesis Source Files Read
  6. Analysis & Synthesis Resource Usage Summary
  7. Analysis & Synthesis Resource Utilization by Entity
  8. Analysis & Synthesis RAM Summary
  9. Analysis & Synthesis IP Cores Summary
 10. General Register Statistics
 11. Source assignments for wave4:wave4_inst|altsyncram:altsyncram_component|altsyncram_7391:auto_generated
 12. Parameter Settings for User Entity Instance: wave4:wave4_inst|altsyncram:altsyncram_component
 13. altsyncram Parameter Settings by Entity Instance
 14. Port Connectivity Checks: "wave4:wave4_inst"
 15. Post-Synthesis Netlist Statistics for Top Partition
 16. Elapsed Time Per Partition
 17. Analysis & Synthesis Messages



----------------
; Legal Notice ;
----------------
Copyright (C) 2019  Intel Corporation. All rights reserved.
Your use of Intel Corporation's design tools, logic functions 
and other software and tools, and any partner logic 
functions, and any output files from any of the foregoing 
(including device programming or simulation files), and any 
associated documentation or information are expressly subject 
to the terms and conditions of the Intel Program License 
Subscription Agreement, the Intel Quartus Prime License Agreement,
the Intel FPGA IP License Agreement, or other applicable license
agreement, including, without limitation, that your use is for
the sole purpose of programming logic devices manufactured by
Intel and sold by Intel or its authorized distributors.  Please
refer to the applicable agreement for further details, at
https://fpgasoftware.intel.com/eula.



+----------------------------------------------------------------------------------+
; Analysis & Synthesis Summary                                                     ;
+------------------------------------+---------------------------------------------+
; Analysis & Synthesis Status        ; Successful - Mon Jun 07 17:38:24 2021       ;
; Quartus Prime Version              ; 19.1.0 Build 670 09/22/2019 SJ Lite Edition ;
; Revision Name                      ; DAC                                         ;
; Top-level Entity Name              ; genDAC                                      ;
; Family                             ; Cyclone IV E                                ;
; Total logic elements               ; 6                                           ;
;     Total combinational functions  ; 6                                           ;
;     Dedicated logic registers      ; 6                                           ;
; Total registers                    ; 6                                           ;
; Total pins                         ; 11                                          ;
; Total virtual pins                 ; 0                                           ;
; Total memory bits                  ; 512                                         ;
; Embedded Multiplier 9-bit elements ; 0                                           ;
; Total PLLs                         ; 0                                           ;
+------------------------------------+---------------------------------------------+


+------------------------------------------------------------------------------------------------------------+
; Analysis & Synthesis Settings                                                                              ;
+------------------------------------------------------------------+--------------------+--------------------+
; Option                                                           ; Setting            ; Default Value      ;
+------------------------------------------------------------------+--------------------+--------------------+
; Device                                                           ; EP4CE6E22C8        ;                    ;
; Top-level entity name                                            ; genDAC             ; DAC                ;
; Family name                                                      ; Cyclone IV E       ; Cyclone V          ;
; Use smart compilation                                            ; Off                ; Off                ;
; Enable parallel Assembler and Timing Analyzer during compilation ; On                 ; On                 ;
; Enable compact report table                                      ; Off                ; Off                ;
; Restructure Multiplexers                                         ; Auto               ; Auto               ;
; Create Debugging Nodes for IP Cores                              ; Off                ; Off                ;
; Preserve fewer node names                                        ; On                 ; On                 ;
; Intel FPGA IP Evaluation Mode                                    ; Enable             ; Enable             ;
; Verilog Version                                                  ; Verilog_2001       ; Verilog_2001       ;
; VHDL Version                                                     ; VHDL_1993          ; VHDL_1993          ;
; State Machine Processing                                         ; Auto               ; Auto               ;
; Safe State Machine                                               ; Off                ; Off                ;
; Extract Verilog State Machines                                   ; On                 ; On                 ;
; Extract VHDL State Machines                                      ; On                 ; On                 ;
; Ignore Verilog initial constructs                                ; Off                ; Off                ;
; Iteration limit for constant Verilog loops                       ; 5000               ; 5000               ;
; Iteration limit for non-constant Verilog loops                   ; 250                ; 250                ;
; Add Pass-Through Logic to Inferred RAMs                          ; On                 ; On                 ;
; Infer RAMs from Raw Logic                                        ; On                 ; On                 ;
; Parallel Synthesis                                               ; On                 ; On                 ;
; DSP Block Balancing                                              ; Auto               ; Auto               ;
; NOT Gate Push-Back                                               ; On                 ; On                 ;
; Power-Up Don't Care                                              ; On                 ; On                 ;
; Remove Redundant Logic Cells                                     ; Off                ; Off                ;
; Remove Duplicate Registers                                       ; On                 ; On                 ;
; Ignore CARRY Buffers                                             ; Off                ; Off                ;
; Ignore CASCADE Buffers                                           ; Off                ; Off                ;
; Ignore GLOBAL Buffers                                            ; Off                ; Off                ;
; Ignore ROW GLOBAL Buffers                                        ; Off                ; Off                ;
; Ignore LCELL Buffers                                             ; Off                ; Off                ;
; Ignore SOFT Buffers                                              ; On                 ; On                 ;
; Limit AHDL Integers to 32 Bits                                   ; Off                ; Off                ;
; Optimization Technique                                           ; Balanced           ; Balanced           ;
; Carry Chain Length                                               ; 70                 ; 70                 ;
; Auto Carry Chains                                                ; On                 ; On                 ;
; Auto Open-Drain Pins                                             ; On                 ; On                 ;
; Perform WYSIWYG Primitive Resynthesis                            ; Off                ; Off                ;
; Auto ROM Replacement                                             ; On                 ; On                 ;
; Auto RAM Replacement                                             ; On                 ; On                 ;
; Auto DSP Block Replacement                                       ; On                 ; On                 ;
; Auto Shift Register Replacement                                  ; Auto               ; Auto               ;
; Allow Shift Register Merging across Hierarchies                  ; Auto               ; Auto               ;
; Auto Clock Enable Replacement                                    ; On                 ; On                 ;
; Strict RAM Replacement                                           ; Off                ; Off                ;
; Allow Synchronous Control Signals                                ; On                 ; On                 ;
; Force Use of Synchronous Clear Signals                           ; Off                ; Off                ;
; Auto RAM Block Balancing                                         ; On                 ; On                 ;
; Auto RAM to Logic Cell Conversion                                ; Off                ; Off                ;
; Auto Resource Sharing                                            ; Off                ; Off                ;
; Allow Any RAM Size For Recognition                               ; Off                ; Off                ;
; Allow Any ROM Size For Recognition                               ; Off                ; Off                ;
; Allow Any Shift Register Size For Recognition                    ; Off                ; Off                ;
; Use LogicLock Constraints during Resource Balancing              ; On                 ; On                 ;
; Ignore translate_off and synthesis_off directives                ; Off                ; Off                ;
; Timing-Driven Synthesis                                          ; On                 ; On                 ;
; Report Parameter Settings                                        ; On                 ; On                 ;
; Report Source Assignments                                        ; On                 ; On                 ;
; Report Connectivity Checks                                       ; On                 ; On                 ;
; Ignore Maximum Fan-Out Assignments                               ; Off                ; Off                ;
; Synchronization Register Chain Length                            ; 2                  ; 2                  ;
; Power Optimization During Synthesis                              ; Normal compilation ; Normal compilation ;
; HDL message level                                                ; Level2             ; Level2             ;
; Suppress Register Optimization Related Messages                  ; Off                ; Off                ;
; Number of Removed Registers Reported in Synthesis Report         ; 5000               ; 5000               ;
; Number of Swept Nodes Reported in Synthesis Report               ; 5000               ; 5000               ;
; Number of Inverted Registers Reported in Synthesis Report        ; 100                ; 100                ;
; Clock MUX Protection                                             ; On                 ; On                 ;
; Auto Gated Clock Conversion                                      ; Off                ; Off                ;
; Block Design Naming                                              ; Auto               ; Auto               ;
; SDC constraint protection                                        ; Off                ; Off                ;
; Synthesis Effort                                                 ; Auto               ; Auto               ;
; Shift Register Replacement - Allow Asynchronous Clear Signal     ; On                 ; On                 ;
; Pre-Mapping Resynthesis Optimization                             ; Off                ; Off                ;
; Analysis & Synthesis Message Level                               ; Medium             ; Medium             ;
; Disable Register Merging Across Hierarchies                      ; Auto               ; Auto               ;
; Resource Aware Inference For Block RAM                           ; On                 ; On                 ;
+------------------------------------------------------------------+--------------------+--------------------+


+------------------------------------------+
; Parallel Compilation                     ;
+----------------------------+-------------+
; Processors                 ; Number      ;
+----------------------------+-------------+
; Number detected on machine ; 8           ;
; Maximum allowed            ; 8           ;
;                            ;             ;
; Average used               ; 1.00        ;
; Maximum used               ; 8           ;
;                            ;             ;
; Usage by Processor         ; % Time Used ;
;     Processor 1            ; 100.0%      ;
;     Processors 2-8         ;   0.0%      ;
+----------------------------+-------------+


+-------------------------------------------------------------------------------------------------------------------------------------------------------------------------------------+
; Analysis & Synthesis Source Files Read                                                                                                                                              ;
+----------------------------------+-----------------+----------------------------------+-----------------------------------------------------------------------------------+---------+
; File Name with User-Entered Path ; Used in Netlist ; File Type                        ; File Name with Absolute Path                                                      ; Library ;
+----------------------------------+-----------------+----------------------------------+-----------------------------------------------------------------------------------+---------+
; wave4.mif                        ; yes             ; User Memory Initialization File  ; H:/EDATools/MyWorkShop/LabSimulation/DAC/wave4.mif                                ;         ;
; wave4.v                          ; yes             ; User Wizard-Generated File       ; H:/EDATools/MyWorkShop/LabSimulation/DAC/wave4.v                                  ;         ;
; genDAC.v                         ; yes             ; User Verilog HDL File            ; H:/EDATools/MyWorkShop/LabSimulation/DAC/genDAC.v                                 ;         ;
; altsyncram.tdf                   ; yes             ; Megafunction                     ; h:/edatools/quartuslite19.1/quartus/libraries/megafunctions/altsyncram.tdf        ;         ;
; stratix_ram_block.inc            ; yes             ; Megafunction                     ; h:/edatools/quartuslite19.1/quartus/libraries/megafunctions/stratix_ram_block.inc ;         ;
; lpm_mux.inc                      ; yes             ; Megafunction                     ; h:/edatools/quartuslite19.1/quartus/libraries/megafunctions/lpm_mux.inc           ;         ;
; lpm_decode.inc                   ; yes             ; Megafunction                     ; h:/edatools/quartuslite19.1/quartus/libraries/megafunctions/lpm_decode.inc        ;         ;
; aglobal191.inc                   ; yes             ; Megafunction                     ; h:/edatools/quartuslite19.1/quartus/libraries/megafunctions/aglobal191.inc        ;         ;
; a_rdenreg.inc                    ; yes             ; Megafunction                     ; h:/edatools/quartuslite19.1/quartus/libraries/megafunctions/a_rdenreg.inc         ;         ;
; altrom.inc                       ; yes             ; Megafunction                     ; h:/edatools/quartuslite19.1/quartus/libraries/megafunctions/altrom.inc            ;         ;
; altram.inc                       ; yes             ; Megafunction                     ; h:/edatools/quartuslite19.1/quartus/libraries/megafunctions/altram.inc            ;         ;
; altdpram.inc                     ; yes             ; Megafunction                     ; h:/edatools/quartuslite19.1/quartus/libraries/megafunctions/altdpram.inc          ;         ;
; db/altsyncram_7391.tdf           ; yes             ; Auto-Generated Megafunction      ; H:/EDATools/MyWorkShop/LabSimulation/DAC/db/altsyncram_7391.tdf                   ;         ;
+----------------------------------+-----------------+----------------------------------+-----------------------------------------------------------------------------------+---------+


+---------------------------------------------------------+
; Analysis & Synthesis Resource Usage Summary             ;
+---------------------------------------------+-----------+
; Resource                                    ; Usage     ;
+---------------------------------------------+-----------+
; Estimated Total logic elements              ; 6         ;
;                                             ;           ;
; Total combinational functions               ; 6         ;
; Logic element usage by number of LUT inputs ;           ;
;     -- 4 input functions                    ; 0         ;
;     -- 3 input functions                    ; 1         ;
;     -- <=2 input functions                  ; 5         ;
;                                             ;           ;
; Logic elements by mode                      ;           ;
;     -- normal mode                          ; 2         ;
;     -- arithmetic mode                      ; 4         ;
;                                             ;           ;
; Total registers                             ; 6         ;
;     -- Dedicated logic registers            ; 6         ;
;     -- I/O registers                        ; 0         ;
;                                             ;           ;
; I/O pins                                    ; 11        ;
; Total memory bits                           ; 512       ;
;                                             ;           ;
; Embedded Multiplier 9-bit elements          ; 0         ;
;                                             ;           ;
; Maximum fan-out node                        ; clk~input ;
; Maximum fan-out                             ; 14        ;
; Total fan-out                               ; 98        ;
; Average fan-out                             ; 2.33      ;
+---------------------------------------------+-----------+


+-------------------------------------------------------------------------------------------------------------------------------------------------------------------------------------------------------------------------------------------------------------------------------------------------+
; Analysis & Synthesis Resource Utilization by Entity                                                                                                                                                                                                                                             ;
+-------------------------------------------+---------------------+---------------------------+-------------+--------------+---------+-----------+------+--------------+-----------------------------------------------------------------------------------------+-----------------+--------------+
; Compilation Hierarchy Node                ; Combinational ALUTs ; Dedicated Logic Registers ; Memory Bits ; DSP Elements ; DSP 9x9 ; DSP 18x18 ; Pins ; Virtual Pins ; Full Hierarchy Name                                                                     ; Entity Name     ; Library Name ;
+-------------------------------------------+---------------------+---------------------------+-------------+--------------+---------+-----------+------+--------------+-----------------------------------------------------------------------------------------+-----------------+--------------+
; |genDAC                                   ; 6 (6)               ; 6 (6)                     ; 512         ; 0            ; 0       ; 0         ; 11   ; 0            ; |genDAC                                                                                 ; genDAC          ; work         ;
;    |wave4:wave4_inst|                     ; 0 (0)               ; 0 (0)                     ; 512         ; 0            ; 0       ; 0         ; 0    ; 0            ; |genDAC|wave4:wave4_inst                                                                ; wave4           ; work         ;
;       |altsyncram:altsyncram_component|   ; 0 (0)               ; 0 (0)                     ; 512         ; 0            ; 0       ; 0         ; 0    ; 0            ; |genDAC|wave4:wave4_inst|altsyncram:altsyncram_component                                ; altsyncram      ; work         ;
;          |altsyncram_7391:auto_generated| ; 0 (0)               ; 0 (0)                     ; 512         ; 0            ; 0       ; 0         ; 0    ; 0            ; |genDAC|wave4:wave4_inst|altsyncram:altsyncram_component|altsyncram_7391:auto_generated ; altsyncram_7391 ; work         ;
+-------------------------------------------+---------------------+---------------------------+-------------+--------------+---------+-----------+------+--------------+-----------------------------------------------------------------------------------------+-----------------+--------------+
Note: For table entries with two numbers listed, the numbers in parentheses indicate the number of resources of the given type used by the specific entity alone. The numbers listed outside of parentheses indicate the total resources of the given type used by the specific entity and all of its sub-entities in the hierarchy.


+-----------------------------------------------------------------------------------------------------------------------------------------------------------------------------------------+
; Analysis & Synthesis RAM Summary                                                                                                                                                        ;
+--------------------------------------------------------------------------------------------+------+------+--------------+--------------+--------------+--------------+------+-----------+
; Name                                                                                       ; Type ; Mode ; Port A Depth ; Port A Width ; Port B Depth ; Port B Width ; Size ; MIF       ;
+--------------------------------------------------------------------------------------------+------+------+--------------+--------------+--------------+--------------+------+-----------+
; wave4:wave4_inst|altsyncram:altsyncram_component|altsyncram_7391:auto_generated|ALTSYNCRAM ; AUTO ; ROM  ; 256          ; 8            ; --           ; --           ; 2048 ; wave4.mif ;
+--------------------------------------------------------------------------------------------+------+------+--------------+--------------+--------------+--------------+------+-----------+


+------------------------------------------------------------------------------------------------------------+
; Analysis & Synthesis IP Cores Summary                                                                      ;
+--------+--------------+---------+--------------+--------------+--------------------------+-----------------+
; Vendor ; IP Core Name ; Version ; Release Date ; License Type ; Entity Instance          ; IP Include File ;
+--------+--------------+---------+--------------+--------------+--------------------------+-----------------+
; Altera ; ROM: 1-PORT  ; 19.1    ; N/A          ; N/A          ; |genDAC|wave4:wave4_inst ; wave4.v         ;
+--------+--------------+---------+--------------+--------------+--------------------------+-----------------+


+------------------------------------------------------+
; General Register Statistics                          ;
+----------------------------------------------+-------+
; Statistic                                    ; Value ;
+----------------------------------------------+-------+
; Total registers                              ; 6     ;
; Number of registers using Synchronous Clear  ; 0     ;
; Number of registers using Synchronous Load   ; 0     ;
; Number of registers using Asynchronous Clear ; 0     ;
; Number of registers using Asynchronous Load  ; 0     ;
; Number of registers using Clock Enable       ; 0     ;
; Number of registers using Preset             ; 0     ;
+----------------------------------------------+-------+


+--------------------------------------------------------------------------------------------------------+
; Source assignments for wave4:wave4_inst|altsyncram:altsyncram_component|altsyncram_7391:auto_generated ;
+---------------------------------+--------------------+------+------------------------------------------+
; Assignment                      ; Value              ; From ; To                                       ;
+---------------------------------+--------------------+------+------------------------------------------+
; OPTIMIZE_POWER_DURING_SYNTHESIS ; NORMAL_COMPILATION ; -    ; -                                        ;
+---------------------------------+--------------------+------+------------------------------------------+


+-----------------------------------------------------------------------------------------------+
; Parameter Settings for User Entity Instance: wave4:wave4_inst|altsyncram:altsyncram_component ;
+------------------------------------+----------------------+-----------------------------------+
; Parameter Name                     ; Value                ; Type                              ;
+------------------------------------+----------------------+-----------------------------------+
; BYTE_SIZE_BLOCK                    ; 8                    ; Untyped                           ;
; AUTO_CARRY_CHAINS                  ; ON                   ; AUTO_CARRY                        ;
; IGNORE_CARRY_BUFFERS               ; OFF                  ; IGNORE_CARRY                      ;
; AUTO_CASCADE_CHAINS                ; ON                   ; AUTO_CASCADE                      ;
; IGNORE_CASCADE_BUFFERS             ; OFF                  ; IGNORE_CASCADE                    ;
; WIDTH_BYTEENA                      ; 1                    ; Untyped                           ;
; OPERATION_MODE                     ; ROM                  ; Untyped                           ;
; WIDTH_A                            ; 8                    ; Signed Integer                    ;
; WIDTHAD_A                          ; 8                    ; Signed Integer                    ;
; NUMWORDS_A                         ; 256                  ; Signed Integer                    ;
; OUTDATA_REG_A                      ; CLOCK0               ; Untyped                           ;
; ADDRESS_ACLR_A                     ; NONE                 ; Untyped                           ;
; OUTDATA_ACLR_A                     ; NONE                 ; Untyped                           ;
; WRCONTROL_ACLR_A                   ; NONE                 ; Untyped                           ;
; INDATA_ACLR_A                      ; NONE                 ; Untyped                           ;
; BYTEENA_ACLR_A                     ; NONE                 ; Untyped                           ;
; WIDTH_B                            ; 1                    ; Untyped                           ;
; WIDTHAD_B                          ; 1                    ; Untyped                           ;
; NUMWORDS_B                         ; 1                    ; Untyped                           ;
; INDATA_REG_B                       ; CLOCK1               ; Untyped                           ;
; WRCONTROL_WRADDRESS_REG_B          ; CLOCK1               ; Untyped                           ;
; RDCONTROL_REG_B                    ; CLOCK1               ; Untyped                           ;
; ADDRESS_REG_B                      ; CLOCK1               ; Untyped                           ;
; OUTDATA_REG_B                      ; UNREGISTERED         ; Untyped                           ;
; BYTEENA_REG_B                      ; CLOCK1               ; Untyped                           ;
; INDATA_ACLR_B                      ; NONE                 ; Untyped                           ;
; WRCONTROL_ACLR_B                   ; NONE                 ; Untyped                           ;
; ADDRESS_ACLR_B                     ; NONE                 ; Untyped                           ;
; OUTDATA_ACLR_B                     ; NONE                 ; Untyped                           ;
; RDCONTROL_ACLR_B                   ; NONE                 ; Untyped                           ;
; BYTEENA_ACLR_B                     ; NONE                 ; Untyped                           ;
; WIDTH_BYTEENA_A                    ; 1                    ; Signed Integer                    ;
; WIDTH_BYTEENA_B                    ; 1                    ; Untyped                           ;
; RAM_BLOCK_TYPE                     ; AUTO                 ; Untyped                           ;
; BYTE_SIZE                          ; 8                    ; Untyped                           ;
; READ_DURING_WRITE_MODE_MIXED_PORTS ; DONT_CARE            ; Untyped                           ;
; READ_DURING_WRITE_MODE_PORT_A      ; NEW_DATA_NO_NBE_READ ; Untyped                           ;
; READ_DURING_WRITE_MODE_PORT_B      ; NEW_DATA_NO_NBE_READ ; Untyped                           ;
; INIT_FILE                          ; wave4.mif            ; Untyped                           ;
; INIT_FILE_LAYOUT                   ; PORT_A               ; Untyped                           ;
; MAXIMUM_DEPTH                      ; 0                    ; Untyped                           ;
; CLOCK_ENABLE_INPUT_A               ; BYPASS               ; Untyped                           ;
; CLOCK_ENABLE_INPUT_B               ; NORMAL               ; Untyped                           ;
; CLOCK_ENABLE_OUTPUT_A              ; BYPASS               ; Untyped                           ;
; CLOCK_ENABLE_OUTPUT_B              ; NORMAL               ; Untyped                           ;
; CLOCK_ENABLE_CORE_A                ; USE_INPUT_CLKEN      ; Untyped                           ;
; CLOCK_ENABLE_CORE_B                ; USE_INPUT_CLKEN      ; Untyped                           ;
; ENABLE_ECC                         ; FALSE                ; Untyped                           ;
; ECC_PIPELINE_STAGE_ENABLED         ; FALSE                ; Untyped                           ;
; WIDTH_ECCSTATUS                    ; 3                    ; Untyped                           ;
; DEVICE_FAMILY                      ; Cyclone IV E         ; Untyped                           ;
; CBXI_PARAMETER                     ; altsyncram_7391      ; Untyped                           ;
+------------------------------------+----------------------+-----------------------------------+
Note: In order to hide this table in the UI and the text report file, please set the "Show Parameter Settings in Synthesis Report" option in "Analysis and Synthesis Settings -> More Settings" to "Off".


+----------------------------------------------------------------------------------------------+
; altsyncram Parameter Settings by Entity Instance                                             ;
+-------------------------------------------+--------------------------------------------------+
; Name                                      ; Value                                            ;
+-------------------------------------------+--------------------------------------------------+
; Number of entity instances                ; 1                                                ;
; Entity Instance                           ; wave4:wave4_inst|altsyncram:altsyncram_component ;
;     -- OPERATION_MODE                     ; ROM                                              ;
;     -- WIDTH_A                            ; 8                                                ;
;     -- NUMWORDS_A                         ; 256                                              ;
;     -- OUTDATA_REG_A                      ; CLOCK0                                           ;
;     -- WIDTH_B                            ; 1                                                ;
;     -- NUMWORDS_B                         ; 1                                                ;
;     -- ADDRESS_REG_B                      ; CLOCK1                                           ;
;     -- OUTDATA_REG_B                      ; UNREGISTERED                                     ;
;     -- RAM_BLOCK_TYPE                     ; AUTO                                             ;
;     -- READ_DURING_WRITE_MODE_MIXED_PORTS ; DONT_CARE                                        ;
+-------------------------------------------+--------------------------------------------------+


+------------------------------------------------------------------------------------------------------------------------------------------------------------------------------+
; Port Connectivity Checks: "wave4:wave4_inst"                                                                                                                                 ;
+---------+-------+----------+-------------------------------------------------------------------------------------------------------------------------------------------------+
; Port    ; Type  ; Severity ; Details                                                                                                                                         ;
+---------+-------+----------+-------------------------------------------------------------------------------------------------------------------------------------------------+
; address ; Input ; Warning  ; Input port expression (6 bits) is smaller than the input port (8 bits) it drives.  Extra input bit(s) "address[7..6]" will be connected to GND. ;
+---------+-------+----------+-------------------------------------------------------------------------------------------------------------------------------------------------+


+-----------------------------------------------------+
; Post-Synthesis Netlist Statistics for Top Partition ;
+-----------------------+-----------------------------+
; Type                  ; Count                       ;
+-----------------------+-----------------------------+
; boundary_port         ; 11                          ;
; cycloneiii_ff         ; 6                           ;
;     plain             ; 6                           ;
; cycloneiii_lcell_comb ; 6                           ;
;     arith             ; 4                           ;
;         2 data inputs ; 3                           ;
;         3 data inputs ; 1                           ;
;     normal            ; 2                           ;
;         1 data inputs ; 2                           ;
; cycloneiii_ram_block  ; 8                           ;
;                       ;                             ;
; Max LUT depth         ; 1.40                        ;
; Average LUT depth     ; 0.80                        ;
+-----------------------+-----------------------------+


+-------------------------------+
; Elapsed Time Per Partition    ;
+----------------+--------------+
; Partition Name ; Elapsed Time ;
+----------------+--------------+
; Top            ; 00:00:00     ;
+----------------+--------------+


+-------------------------------+
; Analysis & Synthesis Messages ;
+-------------------------------+
Info: *******************************************************************
Info: Running Quartus Prime Analysis & Synthesis
    Info: Version 19.1.0 Build 670 09/22/2019 SJ Lite Edition
    Info: Processing started: Mon Jun 07 17:38:14 2021
Info: Command: quartus_map --read_settings_files=on --write_settings_files=off DAC -c DAC
Warning (18236): Number of processors has not been specified which may cause overloading on shared machines.  Set the global assignment NUM_PARALLEL_PROCESSORS in your QSF to an appropriate value for best performance.
Info (20030): Parallel compilation is enabled and will use 8 of the 8 processors detected
Info (12021): Found 1 design units, including 1 entities, in source file wave4.v
    Info (12023): Found entity 1: wave4 File: H:/EDATools/MyWorkShop/LabSimulation/DAC/wave4.v Line: 40
Info (12021): Found 1 design units, including 1 entities, in source file counter6bits.v
    Info (12023): Found entity 1: counter6bits File: H:/EDATools/MyWorkShop/LabSimulation/DAC/counter6bits.v Line: 40
Info (12021): Found 1 design units, including 1 entities, in source file dac.bdf
    Info (12023): Found entity 1: DAC
Info (12021): Found 1 design units, including 1 entities, in source file gendac.v
    Info (12023): Found entity 1: genDAC File: H:/EDATools/MyWorkShop/LabSimulation/DAC/genDAC.v Line: 1
Info (12127): Elaborating entity "genDAC" for the top level hierarchy
Info (12128): Elaborating entity "wave4" for hierarchy "wave4:wave4_inst" File: H:/EDATools/MyWorkShop/LabSimulation/DAC/genDAC.v Line: 15
Info (12128): Elaborating entity "altsyncram" for hierarchy "wave4:wave4_inst|altsyncram:altsyncram_component" File: H:/EDATools/MyWorkShop/LabSimulation/DAC/wave4.v Line: 82
Info (12130): Elaborated megafunction instantiation "wave4:wave4_inst|altsyncram:altsyncram_component" File: H:/EDATools/MyWorkShop/LabSimulation/DAC/wave4.v Line: 82
Info (12133): Instantiated megafunction "wave4:wave4_inst|altsyncram:altsyncram_component" with the following parameter: File: H:/EDATools/MyWorkShop/LabSimulation/DAC/wave4.v Line: 82
    Info (12134): Parameter "address_aclr_a" = "NONE"
    Info (12134): Parameter "clock_enable_input_a" = "BYPASS"
    Info (12134): Parameter "clock_enable_output_a" = "BYPASS"
    Info (12134): Parameter "init_file" = "wave4.mif"
    Info (12134): Parameter "intended_device_family" = "Cyclone IV E"
    Info (12134): Parameter "lpm_hint" = "ENABLE_RUNTIME_MOD=NO"
    Info (12134): Parameter "lpm_type" = "altsyncram"
    Info (12134): Parameter "numwords_a" = "256"
    Info (12134): Parameter "operation_mode" = "ROM"
    Info (12134): Parameter "outdata_aclr_a" = "NONE"
    Info (12134): Parameter "outdata_reg_a" = "CLOCK0"
    Info (12134): Parameter "widthad_a" = "8"
    Info (12134): Parameter "width_a" = "8"
    Info (12134): Parameter "width_byteena_a" = "1"
Info (12021): Found 1 design units, including 1 entities, in source file db/altsyncram_7391.tdf
    Info (12023): Found entity 1: altsyncram_7391 File: H:/EDATools/MyWorkShop/LabSimulation/DAC/db/altsyncram_7391.tdf Line: 28
Info (12128): Elaborating entity "altsyncram_7391" for hierarchy "wave4:wave4_inst|altsyncram:altsyncram_component|altsyncram_7391:auto_generated" File: h:/edatools/quartuslite19.1/quartus/libraries/megafunctions/altsyncram.tdf Line: 792
Warning (12241): 1 hierarchies have connectivity warnings - see the Connectivity Checks report folder
Info (286030): Timing-Driven Synthesis is running
Info (17036): Removed 2 MSB VCC or GND address nodes from RAM block "wave4:wave4_inst|altsyncram:altsyncram_component|altsyncram_7391:auto_generated|ALTSYNCRAM" File: H:/EDATools/MyWorkShop/LabSimulation/DAC/db/altsyncram_7391.tdf Line: 32
Info (16010): Generating hard_block partition "hard_block:auto_generated_inst"
    Info (16011): Adding 0 node(s), including 0 DDIO, 0 PLL, 0 transceiver and 0 LCELL
Warning (21074): Design contains 2 input pin(s) that do not drive logic
    Warning (15610): No output dependent on input pin "sel[0]" File: H:/EDATools/MyWorkShop/LabSimulation/DAC/genDAC.v Line: 3
    Warning (15610): No output dependent on input pin "sel[1]" File: H:/EDATools/MyWorkShop/LabSimulation/DAC/genDAC.v Line: 3
Info (21057): Implemented 25 device resources after synthesis - the final resource count might be different
    Info (21058): Implemented 3 input pins
    Info (21059): Implemented 8 output pins
    Info (21061): Implemented 6 logic cells
    Info (21064): Implemented 8 RAM segments
Info: Quartus Prime Analysis & Synthesis was successful. 0 errors, 5 warnings
    Info: Peak virtual memory: 4802 megabytes
    Info: Processing ended: Mon Jun 07 17:38:24 2021
    Info: Elapsed time: 00:00:10
    Info: Total CPU time (on all processors): 00:00:27


