EDA Netlist Writer report for MULT4B
Tue Mar 23 21:01:50 2021
Quartus Prime Version 19.1.0 Build 670 09/22/2019 SJ Lite Edition


---------------------
; Table of Contents ;
---------------------
  1. Legal Notice
  2. EDA Netlist Writer Summary
  3. EDA Netlist Writer Messages



----------------
; Legal Notice ;
----------------
Copyright (C) 2019  Intel Corporation. All rights reserved.
Your use of Intel Corporation's design tools, logic functions 
and other software and tools, and any partner logic 
functions, and any output files from any of the foregoing 
(including device programming or simulation files), and any 
associated documentation or information are expressly subject 
to the terms and conditions of the Intel Program License 
Subscription Agreement, the Intel Quartus Prime License Agreement,
the Intel FPGA IP License Agreement, or other applicable license
agreement, including, without limitation, that your use is for
the sole purpose of programming logic devices manufactured by
Intel and sold by Intel or its authorized distributors.  Please
refer to the applicable agreement for further details, at
https://fpgasoftware.intel.com/eula.



+-------------------------------------------------------------------+
; EDA Netlist Writer Summary                                        ;
+---------------------------+---------------------------------------+
; EDA Netlist Writer Status ; Successful - Tue Mar 23 21:01:50 2021 ;
; Revision Name             ; MULT4B                                ;
; Top-level Entity Name     ; MULT4B                                ;
; Family                    ; Cyclone IV E                          ;
+---------------------------+---------------------------------------+


+-----------------------------+
; EDA Netlist Writer Messages ;
+-----------------------------+
Info: *******************************************************************
Info: Running Quartus Prime EDA Netlist Writer
    Info: Version 19.1.0 Build 670 09/22/2019 SJ Lite Edition
    Info: Copyright (C) 2019  Intel Corporation. All rights reserved.
    Info: Your use of Intel Corporation's design tools, logic functions 
    Info: and other software and tools, and any partner logic 
    Info: functions, and any output files from any of the foregoing 
    Info: (including device programming or simulation files), and any 
    Info: associated documentation or information are expressly subject 
    Info: to the terms and conditions of the Intel Program License 
    Info: Subscription Agreement, the Intel Quartus Prime License Agreement,
    Info: the Intel FPGA IP License Agreement, or other applicable license
    Info: agreement, including, without limitation, that your use is for
    Info: the sole purpose of programming logic devices manufactured by
    Info: Intel and sold by Intel or its authorized distributors.  Please
    Info: refer to the applicable agreement for further details, at
    Info: https://fpgasoftware.intel.com/eula.
    Info: Processing started: Tue Mar 23 21:01:50 2021
Info: Command: quartus_eda --gen_testbench --tool=modelsim_oem --format=verilog --write_settings_files=off MULT4B -c MULT4B --vector_source=H:/EDATools/MyWorkShop/chp3.15/mult4b2.vwf --testbench_file=H:/EDATools/MyWorkShop/chp3.15/simulation/qsim/mult4b2.vwf.vt
Warning (18236): Number of processors has not been specified which may cause overloading on shared machines.  Set the global assignment NUM_PARALLEL_PROCESSORS in your QSF to an appropriate value for best performance.
Warning (201007): Can't find port "A[4]" in design
Warning (201007): Can't find port "B[4]" in design
Warning (201007): Can't find port "A[4]" in design
Warning (201007): Can't find port "B[4]" in design
Warning (201007): Can't find port "A[4]" in design
Warning (201007): Can't find port "B[4]" in design
Warning (201005): Ignoring output pin "R" in vector source file when writing test bench files
Warning (201005): Ignoring output pin "R[7]" in vector source file when writing test bench files
Warning (201005): Ignoring output pin "R[6]" in vector source file when writing test bench files
Warning (201005): Ignoring output pin "R[5]" in vector source file when writing test bench files
Warning (201005): Ignoring output pin "R[4]" in vector source file when writing test bench files
Warning (201005): Ignoring output pin "R[3]" in vector source file when writing test bench files
Warning (201005): Ignoring output pin "R[2]" in vector source file when writing test bench files
Warning (201005): Ignoring output pin "R[1]" in vector source file when writing test bench files
Info (201000): Generated Verilog Test Bench File H:/EDATools/MyWorkShop/chp3.15/simulation/qsim/mult4b2.vwf.vt for simulation
Info: Quartus Prime EDA Netlist Writer was successful. 0 errors, 15 warnings
    Info: Peak virtual memory: 4640 megabytes
    Info: Processing ended: Tue Mar 23 21:01:52 2021
    Info: Elapsed time: 00:00:02
    Info: Total CPU time (on all processors): 00:00:01


